[2020-06-20 21:04:38,203] {{taskinstance.py:669}} INFO - Dependencies all met for <TaskInstance: dummy_dag_project_A.hello_task 2020-06-20T21:03:06.940308+00:00 [queued]>
[2020-06-20 21:04:38,286] {{taskinstance.py:669}} INFO - Dependencies all met for <TaskInstance: dummy_dag_project_A.hello_task 2020-06-20T21:03:06.940308+00:00 [queued]>
[2020-06-20 21:04:38,288] {{taskinstance.py:879}} INFO - 
--------------------------------------------------------------------------------
[2020-06-20 21:04:38,290] {{taskinstance.py:880}} INFO - Starting attempt 1 of 2
[2020-06-20 21:04:38,291] {{taskinstance.py:881}} INFO - 
--------------------------------------------------------------------------------
[2020-06-20 21:04:38,330] {{taskinstance.py:900}} INFO - Executing <Task(PythonOperator): hello_task> on 2020-06-20T21:03:06.940308+00:00
[2020-06-20 21:04:38,338] {{standard_task_runner.py:53}} INFO - Started process 721 to run task
[2020-06-20 21:04:38,511] {{logging_mixin.py:112}} INFO - Running %s on host %s <TaskInstance: dummy_dag_project_A.hello_task 2020-06-20T21:03:06.940308+00:00 [running]> fa58fc380229
[2020-06-20 21:04:38,571] {{taskinstance.py:1145}} ERROR - foo() missing 1 required positional argument: 'str_to_print'
Traceback (most recent call last):
  File "/usr/local/lib/python3.7/site-packages/airflow/models/taskinstance.py", line 983, in _run_raw_task
    result = task_copy.execute(context=context)
  File "/usr/local/lib/python3.7/site-packages/airflow/operators/python_operator.py", line 113, in execute
    return_value = self.execute_callable()
  File "/usr/local/lib/python3.7/site-packages/airflow/operators/python_operator.py", line 118, in execute_callable
    return self.python_callable(*self.op_args, **self.op_kwargs)
TypeError: foo() missing 1 required positional argument: 'str_to_print'
[2020-06-20 21:04:38,576] {{taskinstance.py:1168}} INFO - Marking task as UP_FOR_RETRY
[2020-06-20 21:04:48,158] {{logging_mixin.py:112}} INFO - [2020-06-20 21:04:48,157] {{local_task_job.py:103}} INFO - Task exited with return code 1
