[2020-06-20 21:09:41,528] {{taskinstance.py:669}} INFO - Dependencies all met for <TaskInstance: dummy_dag_project_A.hello_task 2020-06-20T21:03:06.940308+00:00 [queued]>
[2020-06-20 21:09:41,558] {{taskinstance.py:669}} INFO - Dependencies all met for <TaskInstance: dummy_dag_project_A.hello_task 2020-06-20T21:03:06.940308+00:00 [queued]>
[2020-06-20 21:09:41,559] {{taskinstance.py:879}} INFO - 
--------------------------------------------------------------------------------
[2020-06-20 21:09:41,559] {{taskinstance.py:880}} INFO - Starting attempt 2 of 2
[2020-06-20 21:09:41,560] {{taskinstance.py:881}} INFO - 
--------------------------------------------------------------------------------
[2020-06-20 21:09:41,582] {{taskinstance.py:900}} INFO - Executing <Task(PythonOperator): hello_task> on 2020-06-20T21:03:06.940308+00:00
[2020-06-20 21:09:41,586] {{standard_task_runner.py:53}} INFO - Started process 2213 to run task
[2020-06-20 21:09:41,674] {{logging_mixin.py:112}} INFO - Running %s on host %s <TaskInstance: dummy_dag_project_A.hello_task 2020-06-20T21:03:06.940308+00:00 [running]> fa58fc380229
[2020-06-20 21:09:41,734] {{taskinstance.py:1145}} ERROR - foo() missing 1 required positional argument: 'str_to_print'
Traceback (most recent call last):
  File "/usr/local/lib/python3.7/site-packages/airflow/models/taskinstance.py", line 983, in _run_raw_task
    result = task_copy.execute(context=context)
  File "/usr/local/lib/python3.7/site-packages/airflow/operators/python_operator.py", line 113, in execute
    return_value = self.execute_callable()
  File "/usr/local/lib/python3.7/site-packages/airflow/operators/python_operator.py", line 118, in execute_callable
    return self.python_callable(*self.op_args, **self.op_kwargs)
TypeError: foo() missing 1 required positional argument: 'str_to_print'
[2020-06-20 21:09:41,738] {{taskinstance.py:1187}} INFO - All retries failed; marking task as FAILED.dag_id=dummy_dag_project_A, task_id=hello_task, execution_date=20200620T210306, start_date=20200620T210941, end_date=20200620T210941
[2020-06-20 21:09:51,470] {{logging_mixin.py:112}} INFO - [2020-06-20 21:09:51,469] {{local_task_job.py:103}} INFO - Task exited with return code 1
